#
# A fatal error has been detected by the Java Runtime Environment:
#
#  SIGSEGV (0xb) at pc=0x0000000110232d10, pid=2966, tid=18691
#
# JRE version: Java(TM) SE Runtime Environment (8.0_45-b14) (build 1.8.0_45-b14)
# Java VM: Java HotSpot(TM) 64-Bit Server VM (25.45-b02 mixed mode bsd-amd64 compressed oops)
# Problematic frame:
# V  [libjvm.dylib+0x432d10]  Method::checked_resolve_jmethod_id(_jmethodID*)+0xe
#
# Failed to write core dump. Core dumps have been disabled. To enable core dumping, try "ulimit -c unlimited" before starting Java again
#
# If you would like to submit a bug report, please visit:
#   http://bugreport.java.com/bugreport/crash.jsp
#

---------------  T H R E A D  ---------------

Current thread (0x00007faab4816000):  JavaThread "JDWP Transport Listener: dt_socket" daemon [_thread_in_vm, id=18691, stack(0x000000012e3ae000,0x000000012e4ae000)]

siginfo: si_signo: 11 (SIGSEGV), si_code: 0 (unknown), si_addr: 0x0000000000000000

Registers:
RAX=0x0000000000000001, RBX=0x000000012e4ada8b, RCX=0x00000001105fa190, RDX=0x000000012e4ada8b
RSP=0x000000012e4ad9d0, RBP=0x000000012e4ad9e0, RSI=0x00007faab4816000, RDI=0x736c696166260000
R8 =0x0000000000000000, R9 =0x00007faab1900000, R10=0x0000000000000010, R11=0x00007faab1900000
R12=0x00007faab4816000, R13=0x736c696166260000, R14=0x736c696166260000, R15=0x00007faab1b01c60
RIP=0x0000000110232d10, EFLAGS=0x0000000000010206, ERR=0x0000000000000000
  TRAPNO=0x000000000000000d

Top of Stack: (sp=0x000000012e4ad9d0)
0x000000012e4ad9d0:   000000012e4ada8b 000000012e4ada8b
0x000000012e4ad9e0:   000000012e4ada40 00000001101430d6
0x000000012e4ad9f0:   00007faab4816000 0000000000000000
0x000000012e4ada00:   0000000000000000 0000000000000000
0x000000012e4ada10:   00007faab4816000 00007faab4816000
0x000000012e4ada20:   000000012e4ada8b 000000012e4ada90
0x000000012e4ada30:   736c696166260000 0000000000000014
0x000000012e4ada40:   000000012e4ada60 0000000110d89780
0x000000012e4ada50:   0000000000000001 000000012e4adb08
0x000000012e4ada60:   000000012e4adad0 0000000110d6e1f3
0x000000012e4ada70:   000000012e4adaa0 00007faab195eaf0
0x000000012e4ada80:   0000001600000032 00000008004adb08
0x000000012e4ada90:   0000000000000000 0000000000000000
0x000000012e4adaa0:   0000000000000000 000000012e4adc90
0x000000012e4adab0:   0000000110d90e7a 00007faab0d17180
0x000000012e4adac0:   000000012e4adb08 0000000110d9c598
0x000000012e4adad0:   000000012e4adae0 0000000110d6e2ec
0x000000012e4adae0:   000000012e4add00 0000000110d77898
0x000000012e4adaf0:   0000788d00000013 00000000000f0200
0x000000012e4adb00:   00007faab0d1f140 00007faab29706de
0x000000012e4adb10:   00007faa00000682 00007faab195bbd0
0x000000012e4adb20:   00007faa0000012c 000000012e4adb58
0x000000012e4adb30:   00007faab190b1d0 00007f0000000000
0x000000012e4adb40:   0000788d0000000f 00007fff00000f80
0x000000012e4adb50:   000000012e4adb58 aa7f000016000000
0x000000012e4adb60:   08000000d0fab0b1 65746164696c6176
0x000000012e4adb70:   616a4c2872000000 69462f6f692f6176
0x000000012e4adb80:   642f6f6e4c3b656c 2f74736f70696769
0x000000012e4adb90:   61762f746e697270 502f65746164696c
0x000000012e4adba0:   6164696c61566664 747465536e6f6974
0x000000012e4adbb0:   6e4c293b73676e69 6f70696769642f6f
0x000000012e4adbc0:   746e6972702f7473 746164696c61762f 

Instructions: (pc=0x0000000110232d10)
0x0000000110232cf0:   40 48 48 85 c0 75 e0 30 c0 0f b6 c0 5d c3 31 c0
0x0000000110232d00:   5d c3 55 48 89 e5 53 48 83 ec 08 48 85 ff 74 24
0x0000000110232d10:   48 8b 1f 48 85 db 74 1c 48 83 fb 37 74 16 48 8b
0x0000000110232d20:   03 48 89 df ff 50 10 84 c0 b8 00 00 00 00 48 0f 

Register to memory mapping:

RAX=0x0000000000000001 is an unknown value
RBX=0x000000012e4ada8b is pointing into the stack for thread: 0x00007faab4816000
RCX=0x00000001105fa190: UseMembar+0 in /Library/Java/JavaVirtualMachines/jdk1.8.0_45.jdk/Contents/Home/jre/lib/server/libjvm.dylib at 0x000000010fe00000
RDX=0x000000012e4ada8b is pointing into the stack for thread: 0x00007faab4816000
RSP=0x000000012e4ad9d0 is pointing into the stack for thread: 0x00007faab4816000
RBP=0x000000012e4ad9e0 is pointing into the stack for thread: 0x00007faab4816000
RSI=0x00007faab4816000 is a thread
RDI=0x736c696166260000 is an unknown value
R8 =0x0000000000000000 is an unknown value
R9 =0x00007faab1900000 is an unknown value
R10=0x0000000000000010 is an unknown value
R11=0x00007faab1900000 is an unknown value
R12=0x00007faab4816000 is a thread
R13=0x736c696166260000 is an unknown value
R14=0x736c696166260000 is an unknown value
R15=0x00007faab1b01c60 is an unknown value


Stack: [0x000000012e3ae000,0x000000012e4ae000],  sp=0x000000012e4ad9d0,  free space=1022k
Native frames: (J=compiled Java code, j=interpreted, Vv=VM code, C=native code)
V  [libjvm.dylib+0x432d10]  Method::checked_resolve_jmethod_id(_jmethodID*)+0xe
V  [libjvm.dylib+0x3430d6]  jvmti_IsMethodSynthetic+0xb2
C  [libjdwp.dylib+0x20780]  isMethodSynthetic+0x63
C  [libjdwp.dylib+0x51f3]  methods1+0x10b
C  [libjdwp.dylib+0x52ec]  methodsWithGeneric+0xe
C  [libjdwp.dylib+0xe898]  debugLoop_run+0x1ce
C  [libjdwp.dylib+0x1f6ba]  attachThread+0x4d
V  [libjvm.dylib+0x38401c]  JvmtiAgentThread::call_start_function()+0x38
V  [libjvm.dylib+0x549acf]  JavaThread::thread_main_inner()+0x9b
V  [libjvm.dylib+0x54b1c0]  JavaThread::run()+0x1c2
V  [libjvm.dylib+0x46ea7e]  java_start(Thread*)+0xf6
C  [libsystem_pthread.dylib+0x3268]  _pthread_body+0x83
C  [libsystem_pthread.dylib+0x31e5]  _pthread_body+0x0
C  [libsystem_pthread.dylib+0x141d]  thread_start+0xd
C  0x0000000000000000


---------------  P R O C E S S  ---------------

Java Threads: ( => current thread )
  0x00007faab2083800 JavaThread "AWT-AppKit" daemon [_thread_blocked, id=1811, stack(0x00007fff5087e000,0x00007fff5107e000)]
  0x00007faab101d000 JavaThread "Service Thread" daemon [_thread_blocked, id=22275, stack(0x000000012eac3000,0x000000012ebc3000)]
  0x00007faab284c000 JavaThread "C1 CompilerThread3" daemon [_thread_blocked, id=21763, stack(0x000000012e9c0000,0x000000012eac0000)]
  0x00007faab381f800 JavaThread "C2 CompilerThread2" daemon [_thread_blocked, id=21251, stack(0x000000012e8bd000,0x000000012e9bd000)]
  0x00007faab4817800 JavaThread "C2 CompilerThread1" daemon [_thread_blocked, id=20739, stack(0x000000012e7ba000,0x000000012e8ba000)]
  0x00007faab381f000 JavaThread "C2 CompilerThread0" daemon [_thread_blocked, id=20227, stack(0x000000012e6b7000,0x000000012e7b7000)]
  0x00007faab5002000 JavaThread "JDWP Command Reader" daemon [_thread_in_native, id=19715, stack(0x000000012e5b4000,0x000000012e6b4000)]
  0x00007faab4817000 JavaThread "JDWP Event Helper Thread" daemon [_thread_blocked, id=19203, stack(0x000000012e4b1000,0x000000012e5b1000)]
=>0x00007faab4816000 JavaThread "JDWP Transport Listener: dt_socket" daemon [_thread_in_vm, id=18691, stack(0x000000012e3ae000,0x000000012e4ae000)]
  0x00007faab3813800 JavaThread "Signal Dispatcher" daemon [_thread_blocked, id=14355, stack(0x000000012e2a4000,0x000000012e3a4000)]
  0x00007faab2001800 JavaThread "Finalizer" daemon [_thread_blocked, id=13571, stack(0x000000012c888000,0x000000012c988000)]
  0x00007faab4800000 JavaThread "Reference Handler" daemon [_thread_blocked, id=13059, stack(0x000000012c785000,0x000000012c885000)]
  0x00007faab2002800 JavaThread "main" [_thread_blocked, id=4867, stack(0x000000010ec99000,0x000000010ed99000)]

Other Threads:
  0x00007faab100b000 VMThread [stack: 0x000000012c682000,0x000000012c782000] [id=12547]
  0x00007faab285d000 WatcherThread [stack: 0x000000012ebc6000,0x000000012ecc6000] [id=22787]

VM state:not at safepoint (normal execution)

VM Mutex/Monitor currently owned by a thread: None

Heap:
 PSYoungGen      total 76288K, used 24749K [0x000000076ab00000, 0x0000000770000000, 0x00000007c0000000)
  eden space 65536K, 21% used [0x000000076ab00000,0x000000076b8ab7b8,0x000000076eb00000)
  from space 10752K, 99% used [0x000000076eb00000,0x000000076f57ff48,0x000000076f580000)
  to   space 10752K, 0% used [0x000000076f580000,0x000000076f580000,0x0000000770000000)
 ParOldGen       total 175104K, used 1274K [0x00000006c0000000, 0x00000006cab00000, 0x000000076ab00000)
  object space 175104K, 0% used [0x00000006c0000000,0x00000006c013e800,0x00000006cab00000)
 Metaspace       used 10489K, capacity 10614K, committed 10752K, reserved 1058816K
  class space    used 1202K, capacity 1233K, committed 1280K, reserved 1048576K

Card table byte_map: [0x0000000120174000,0x0000000120975000] byte_map_base: 0x000000011cb74000

Marking Bits: (ParMarkBitMap*) 0x00000001106c27a0
 Begin Bits: [0x00000001216e3000, 0x00000001256e3000)
 End Bits:   [0x00000001256e3000, 0x00000001296e3000)

Polling page: 0x000000010edde000

CodeCache: size=245760Kb used=3862Kb max_used=3886Kb free=241897Kb
 bounds [0x0000000110db4000, 0x0000000111184000, 0x000000011fdb4000]
 total_blobs=1255 nmethods=898 adapters=279
 compilation: enabled

Compilation events (10 events):
Event: 12.377 Thread 0x00007faab381f000  885       4       org.apache.pdfbox.util.Matrix::multiply (412 bytes)
Event: 12.381 Thread 0x00007faab381f000 nmethod 885 0x000000011116b390 code [0x000000011116b500, 0x000000011116bb38]
Event: 12.381 Thread 0x00007faab381f000  828       4       java.lang.String::endsWith (17 bytes)
Event: 12.384 Thread 0x00007faab381f000 nmethod 828 0x000000011116ae50 code [0x000000011116afa0, 0x000000011116b238]
Event: 12.397 Thread 0x00007faab4817800 nmethod 821 0x0000000111175510 code [0x0000000111175820, 0x0000000111177f90]
Event: 12.425 Thread 0x00007faab381f800 nmethod 819 0x000000011117a590 code [0x000000011117a9e0, 0x000000011117ea00]
Event: 15.190 Thread 0x00007faab284c000  896       1       java.util.logging.LogManager$LoggerContext::getOwner (5 bytes)
Event: 15.190 Thread 0x00007faab284c000 nmethod 896 0x0000000111169350 code [0x00000001111694a0, 0x00000001111695b0]
Event: 32.648 Thread 0x00007faab284c000  898       3       java.util.AbstractSet::<init> (5 bytes)
Event: 32.648 Thread 0x00007faab284c000 nmethod 898 0x000000011116a650 code [0x000000011116a7c0, 0x000000011116a9d0]

GC Heap History (2 events):
Event: 12.270 GC heap before
{Heap before GC invocations=1 (full 0):
 PSYoungGen      total 76288K, used 65536K [0x000000076ab00000, 0x0000000770000000, 0x00000007c0000000)
  eden space 65536K, 100% used [0x000000076ab00000,0x000000076eb00000,0x000000076eb00000)
  from space 10752K, 0% used [0x000000076f580000,0x000000076f580000,0x0000000770000000)
  to   space 10752K, 0% used [0x000000076eb00000,0x000000076eb00000,0x000000076f580000)
 ParOldGen       total 175104K, used 0K [0x00000006c0000000, 0x00000006cab00000, 0x000000076ab00000)
  object space 175104K, 0% used [0x00000006c0000000,0x00000006c0000000,0x00000006cab00000)
 Metaspace       used 10196K, capacity 10262K, committed 10496K, reserved 1058816K
  class space    used 1184K, capacity 1201K, committed 1280K, reserved 1048576K
Event: 12.278 GC heap after
Heap after GC invocations=1 (full 0):
 PSYoungGen      total 76288K, used 10751K [0x000000076ab00000, 0x0000000770000000, 0x00000007c0000000)
  eden space 65536K, 0% used [0x000000076ab00000,0x000000076ab00000,0x000000076eb00000)
  from space 10752K, 99% used [0x000000076eb00000,0x000000076f57ff48,0x000000076f580000)
  to   space 10752K, 0% used [0x000000076f580000,0x000000076f580000,0x0000000770000000)
 ParOldGen       total 175104K, used 1274K [0x00000006c0000000, 0x00000006cab00000, 0x000000076ab00000)
  object space 175104K, 0% used [0x00000006c0000000,0x00000006c013e800,0x00000006cab00000)
 Metaspace       used 10196K, capacity 10262K, committed 10496K, reserved 1058816K
  class space    used 1184K, capacity 1201K, committed 1280K, reserved 1048576K
}

Deoptimization events (10 events):
Event: 12.311 Thread 0x00007faab2002800 Uncommon trap: reason=unstable_if action=reinterpret pc=0x0000000111105ec4 method=java.lang.Character.isSurrogate(C)Z @ 3
Event: 12.311 Thread 0x00007faab2002800 Uncommon trap: reason=unstable_if action=reinterpret pc=0x00000001111092c4 method=java.nio.charset.CharsetDecoder.decode(Ljava/nio/ByteBuffer;Ljava/nio/CharBuffer;Z)Ljava/nio/charset/CoderResult; @ 116
Event: 12.311 Thread 0x00007faab2002800 Uncommon trap: reason=unstable_if action=reinterpret pc=0x00000001110fa2ac method=java.nio.charset.CharsetDecoder.decode(Ljava/nio/ByteBuffer;Ljava/nio/CharBuffer;Z)Ljava/nio/charset/CoderResult; @ 116
Event: 12.311 Thread 0x00007faab2002800 Uncommon trap: reason=unstable_if action=reinterpret pc=0x0000000111114bb4 method=java.nio.charset.CharsetDecoder.decode(Ljava/nio/ByteBuffer;Ljava/nio/CharBuffer;Z)Ljava/nio/charset/CoderResult; @ 116
Event: 12.311 Thread 0x00007faab2002800 Uncommon trap: reason=unstable_if action=reinterpret pc=0x0000000111104518 method=java.nio.charset.CharsetDecoder.decode(Ljava/nio/ByteBuffer;Ljava/nio/CharBuffer;Z)Ljava/nio/charset/CoderResult; @ 116
Event: 12.330 Thread 0x00007faab2002800 Uncommon trap: reason=class_check action=maybe_recompile pc=0x00000001110d0334 method=java.util.HashMap.putVal(ILjava/lang/Object;Ljava/lang/Object;ZZ)Ljava/lang/Object; @ 253
Event: 12.349 Thread 0x00007faab2002800 Uncommon trap: reason=unstable_if action=reinterpret pc=0x00000001110b81f0 method=java.lang.String.trim()Ljava/lang/String; @ 23
Event: 12.349 Thread 0x00007faab2002800 Uncommon trap: reason=bimorphic action=maybe_recompile pc=0x00000001110d03e0 method=java.util.HashMap.putVal(ILjava/lang/Object;Ljava/lang/Object;ZZ)Ljava/lang/Object; @ 91
Event: 12.349 Thread 0x00007faab2002800 Uncommon trap: reason=class_check action=maybe_recompile pc=0x00000001110d0334 method=java.util.HashMap.putVal(ILjava/lang/Object;Ljava/lang/Object;ZZ)Ljava/lang/Object; @ 253
Event: 17.111 Thread 0x00007faab20d7800 Uncommon trap: reason=unstable_if action=reinterpret pc=0x000000011116a254 method=java.util.HashMap$HashIterator.<init>(Ljava/util/HashMap;)V @ 38

Internal exceptions (10 events):
Event: 0.445 Thread 0x00007faab2002800 Exception <a 'java/lang/ArrayIndexOutOfBoundsException'> (0x000000076bcece98) thrown at [/Users/java_re/workspace/8-2-build-macosx-x86_64/jdk8u45/3457/hotspot/src/share/vm/runtime/sharedRuntime.cpp, line 605]
Event: 0.445 Thread 0x00007faab2002800 Exception <a 'java/lang/ArrayIndexOutOfBoundsException'> (0x000000076bceebd8) thrown at [/Users/java_re/workspace/8-2-build-macosx-x86_64/jdk8u45/3457/hotspot/src/share/vm/runtime/sharedRuntime.cpp, line 605]
Event: 0.446 Thread 0x00007faab2002800 Exception <a 'java/lang/ArrayIndexOutOfBoundsException'> (0x000000076bcf0cd0) thrown at [/Users/java_re/workspace/8-2-build-macosx-x86_64/jdk8u45/3457/hotspot/src/share/vm/runtime/sharedRuntime.cpp, line 605]
Event: 0.447 Thread 0x00007faab2002800 Exception <a 'java/lang/ClassNotFoundException': ch/qos/logback/core/pattern/PatternLayoutEncoderBaseCustomizer> (0x000000076bd08940) thrown at [/Users/java_re/workspace/8-2-build-macosx-x86_64/jdk8u45/3457/hotspot/src/share/vm/classfile/systemDictionary.
Event: 0.447 Thread 0x00007faab2002800 Exception <a 'java/lang/ArrayIndexOutOfBoundsException': 78> (0x000000076bd0c198) thrown at [/Users/java_re/workspace/8-2-build-macosx-x86_64/jdk8u45/3457/hotspot/src/share/vm/interpreter/interpreterRuntime.cpp, line 366]
Event: 0.448 Thread 0x00007faab2002800 Exception <a 'java/lang/ArrayIndexOutOfBoundsException': 36> (0x000000076bd0d888) thrown at [/Users/java_re/workspace/8-2-build-macosx-x86_64/jdk8u45/3457/hotspot/src/share/vm/interpreter/interpreterRuntime.cpp, line 366]
Event: 0.449 Thread 0x00007faab2002800 Exception <a 'java/lang/ClassNotFoundException': ch/qos/logback/classic/encoder/PatternLayoutEncoderCustomizer> (0x000000076bd29c70) thrown at [/Users/java_re/workspace/8-2-build-macosx-x86_64/jdk8u45/3457/hotspot/src/share/vm/classfile/systemDictionary.c
Event: 0.693 Thread 0x00007faab2002800 Exception <a 'java/io/FileNotFoundException'> (0x000000076c5e75d8) thrown at [/Users/java_re/workspace/8-2-build-macosx-x86_64/jdk8u45/3457/hotspot/src/share/vm/prims/jni.cpp, line 709]
Event: 0.693 Thread 0x00007faab2002800 Exception <a 'java/io/FileNotFoundException'> (0x000000076c5e8268) thrown at [/Users/java_re/workspace/8-2-build-macosx-x86_64/jdk8u45/3457/hotspot/src/share/vm/prims/jni.cpp, line 709]
Event: 17.111 Thread 0x00007faab20d7800 Implicit null exception at 0x0000000111169fb0 to 0x000000011116a23d

Events (10 events):
Event: 3834.506 Executing VM operation: ChangeBreakpoints
Event: 3834.506 Executing VM operation: ChangeBreakpoints done
Event: 3834.517 Executing VM operation: RedefineClasses
Event: 3834.522 Executing VM operation: RedefineClasses done
Event: 3834.523 Executing VM operation: GetOrSetLocal
Event: 3834.523 Executing VM operation: GetOrSetLocal done
Event: 3834.532 Executing VM operation: ChangeBreakpoints
Event: 3834.532 Executing VM operation: ChangeBreakpoints done
Event: 3834.533 Executing VM operation: ChangeBreakpoints
Event: 3834.533 Executing VM operation: ChangeBreakpoints done


Dynamic libraries:
0x000000000cc1f000 	/System/Library/Frameworks/Cocoa.framework/Versions/A/Cocoa
0x000000000cc1f000 	/System/Library/Frameworks/Security.framework/Versions/A/Security
0x000000000cc1f000 	/System/Library/Frameworks/ApplicationServices.framework/Versions/A/ApplicationServices
0x000000000cc1f000 	/usr/lib/libz.1.dylib
0x000000000cc1f000 	/usr/lib/libSystem.B.dylib
0x000000000cc1f000 	/usr/lib/libobjc.A.dylib
0x000000000cc1f000 	/System/Library/Frameworks/CoreFoundation.framework/Versions/A/CoreFoundation
0x000000000cc1f000 	/System/Library/Frameworks/Foundation.framework/Versions/C/Foundation
0x000000000cc1f000 	/System/Library/Frameworks/AppKit.framework/Versions/C/AppKit
0x000000000cc1f000 	/System/Library/Frameworks/CoreData.framework/Versions/A/CoreData
0x000000000cc1f000 	/System/Library/PrivateFrameworks/RemoteViewServices.framework/Versions/A/RemoteViewServices
0x000000000cc1f000 	/System/Library/PrivateFrameworks/UIFoundation.framework/Versions/A/UIFoundation
0x000000000cc1f000 	/System/Library/Frameworks/IOSurface.framework/Versions/A/IOSurface
0x000000000cc1f000 	/System/Library/Frameworks/AudioToolbox.framework/Versions/A/AudioToolbox
0x000000000cc1f000 	/System/Library/Frameworks/AudioUnit.framework/Versions/A/AudioUnit
0x000000000cc1f000 	/System/Library/PrivateFrameworks/DataDetectorsCore.framework/Versions/A/DataDetectorsCore
0x000000000cc1f000 	/System/Library/PrivateFrameworks/DesktopServicesPriv.framework/Versions/A/DesktopServicesPriv
0x000000000cc1f000 	/System/Library/Frameworks/Carbon.framework/Versions/A/Frameworks/HIToolbox.framework/Versions/A/HIToolbox
0x000000000cc1f000 	/System/Library/Frameworks/QuartzCore.framework/Versions/A/QuartzCore
0x000000000cc1f000 	/System/Library/Frameworks/Carbon.framework/Versions/A/Frameworks/SpeechRecognition.framework/Versions/A/SpeechRecognition
0x000000000cc1f000 	/usr/lib/libauto.dylib
0x000000000cc1f000 	/usr/lib/libicucore.A.dylib
0x000000000cc1f000 	/usr/lib/libxml2.2.dylib
0x000000000cc1f000 	/System/Library/PrivateFrameworks/CoreUI.framework/Versions/A/CoreUI
0x000000000cc1f000 	/System/Library/Frameworks/CoreAudio.framework/Versions/A/CoreAudio
0x000000000cc1f000 	/System/Library/Frameworks/DiskArbitration.framework/Versions/A/DiskArbitration
0x000000000cc1f000 	/usr/lib/liblangid.dylib
0x000000000cc1f000 	/System/Library/PrivateFrameworks/MultitouchSupport.framework/Versions/A/MultitouchSupport
0x000000000cc1f000 	/System/Library/Frameworks/IOKit.framework/Versions/A/IOKit
0x000000000cc1f000 	/usr/lib/libDiagnosticMessagesClient.dylib
0x000000000cc1f000 	/System/Library/Frameworks/CoreServices.framework/Versions/A/CoreServices
0x000000000cc1f000 	/System/Library/PrivateFrameworks/PerformanceAnalysis.framework/Versions/A/PerformanceAnalysis
0x000000000cc1f000 	/System/Library/PrivateFrameworks/GenerationalStorage.framework/Versions/A/GenerationalStorage
0x000000000cc1f000 	/System/Library/Frameworks/OpenGL.framework/Versions/A/OpenGL
0x000000000cc1f000 	/System/Library/PrivateFrameworks/Sharing.framework/Versions/A/Sharing
0x000000000cc1f000 	/System/Library/Frameworks/CoreGraphics.framework/Versions/A/CoreGraphics
0x000000000cc1f000 	/System/Library/Frameworks/CoreText.framework/Versions/A/CoreText
0x000000000cc1f000 	/System/Library/Frameworks/ImageIO.framework/Versions/A/ImageIO
0x000000000cc1f000 	/usr/lib/libextension.dylib
0x000000000cc1f000 	/System/Library/PrivateFrameworks/Backup.framework/Versions/A/Backup
0x000000000cc1f000 	/usr/lib/libarchive.2.dylib
0x000000000cc1f000 	/System/Library/Frameworks/CFNetwork.framework/Versions/A/CFNetwork
0x000000000cc1f000 	/System/Library/Frameworks/SystemConfiguration.framework/Versions/A/SystemConfiguration
0x000000000cc1f000 	/usr/lib/libCRFSuite.dylib
0x000000000cc1f000 	/usr/lib/libc++.1.dylib
0x000000000cc1f000 	/usr/lib/libc++abi.dylib
0x000000000cc1f000 	/usr/lib/system/libcache.dylib
0x000000000cc1f000 	/usr/lib/system/libcommonCrypto.dylib
0x000000000cc1f000 	/usr/lib/system/libcompiler_rt.dylib
0x000000000cc1f000 	/usr/lib/system/libcopyfile.dylib
0x000000000cc1f000 	/usr/lib/system/libcorecrypto.dylib
0x000000000cc1f000 	/usr/lib/system/libdispatch.dylib
0x000000000cc1f000 	/usr/lib/system/libdyld.dylib
0x000000000cc1f000 	/usr/lib/system/libkeymgr.dylib
0x000000000cc1f000 	/usr/lib/system/liblaunch.dylib
0x000000000cc1f000 	/usr/lib/system/libmacho.dylib
0x000000000cc1f000 	/usr/lib/system/libquarantine.dylib
0x000000000cc1f000 	/usr/lib/system/libremovefile.dylib
0x000000000cc1f000 	/usr/lib/system/libsystem_asl.dylib
0x000000000cc1f000 	/usr/lib/system/libsystem_blocks.dylib
0x000000000cc1f000 	/usr/lib/system/libsystem_c.dylib
0x000000000cc1f000 	/usr/lib/system/libsystem_configuration.dylib
0x000000000cc1f000 	/usr/lib/system/libsystem_coreservices.dylib
0x000000000cc1f000 	/usr/lib/system/libsystem_coretls.dylib
0x000000000cc1f000 	/usr/lib/system/libsystem_dnssd.dylib
0x000000000cc1f000 	/usr/lib/system/libsystem_info.dylib
0x000000000cc1f000 	/usr/lib/system/libsystem_kernel.dylib
0x000000000cc1f000 	/usr/lib/system/libsystem_m.dylib
0x000000000cc1f000 	/usr/lib/system/libsystem_malloc.dylib
0x000000000cc1f000 	/usr/lib/system/libsystem_network.dylib
0x000000000cc1f000 	/usr/lib/system/libsystem_networkextension.dylib
0x000000000cc1f000 	/usr/lib/system/libsystem_notify.dylib
0x000000000cc1f000 	/usr/lib/system/libsystem_platform.dylib
0x000000000cc1f000 	/usr/lib/system/libsystem_pthread.dylib
0x000000000cc1f000 	/usr/lib/system/libsystem_sandbox.dylib
0x000000000cc1f000 	/usr/lib/system/libsystem_secinit.dylib
0x000000000cc1f000 	/usr/lib/system/libsystem_stats.dylib
0x000000000cc1f000 	/usr/lib/system/libsystem_trace.dylib
0x000000000cc1f000 	/usr/lib/system/libunc.dylib
0x000000000cc1f000 	/usr/lib/system/libunwind.dylib
0x000000000cc1f000 	/usr/lib/system/libxpc.dylib
0x000000000cc1f000 	/usr/lib/libbz2.1.0.dylib
0x000000000cc1f000 	/usr/lib/liblzma.5.dylib
0x000000000cc1f000 	/usr/lib/libbsm.0.dylib
0x000000000cc1f000 	/usr/lib/libsqlite3.dylib
0x000000000cc1f000 	/usr/lib/system/libkxld.dylib
0x000000000cc1f000 	/usr/lib/libxar.1.dylib
0x000000000cc1f000 	/usr/lib/libpam.2.dylib
0x000000000cc1f000 	/usr/lib/libOpenScriptingUtil.dylib
0x000000000cc1f000 	/System/Library/Frameworks/CoreServices.framework/Versions/A/Frameworks/FSEvents.framework/Versions/A/FSEvents
0x000000000cc1f000 	/System/Library/Frameworks/CoreServices.framework/Versions/A/Frameworks/CarbonCore.framework/Versions/A/CarbonCore
0x000000000cc1f000 	/System/Library/Frameworks/CoreServices.framework/Versions/A/Frameworks/Metadata.framework/Versions/A/Metadata
0x000000000cc1f000 	/System/Library/Frameworks/CoreServices.framework/Versions/A/Frameworks/OSServices.framework/Versions/A/OSServices
0x000000000cc1f000 	/System/Library/Frameworks/CoreServices.framework/Versions/A/Frameworks/SearchKit.framework/Versions/A/SearchKit
0x000000000cc1f000 	/System/Library/Frameworks/CoreServices.framework/Versions/A/Frameworks/AE.framework/Versions/A/AE
0x000000000cc1f000 	/System/Library/Frameworks/CoreServices.framework/Versions/A/Frameworks/LaunchServices.framework/Versions/A/LaunchServices
0x000000000cc1f000 	/System/Library/Frameworks/CoreServices.framework/Versions/A/Frameworks/DictionaryServices.framework/Versions/A/DictionaryServices
0x000000000cc1f000 	/System/Library/Frameworks/NetFS.framework/Versions/A/NetFS
0x000000000cc1f000 	/System/Library/PrivateFrameworks/NetAuth.framework/Versions/A/NetAuth
0x000000000cc1f000 	/System/Library/PrivateFrameworks/login.framework/Versions/A/Frameworks/loginsupport.framework/Versions/A/loginsupport
0x000000000cc1f000 	/System/Library/PrivateFrameworks/TCC.framework/Versions/A/TCC
0x000000000cc1f000 	/usr/lib/libmecabra.dylib
0x000000000cc1f000 	/System/Library/Frameworks/ApplicationServices.framework/Versions/A/Frameworks/ATS.framework/Versions/A/ATS
0x000000000cc1f000 	/System/Library/Frameworks/ApplicationServices.framework/Versions/A/Frameworks/ColorSync.framework/Versions/A/ColorSync
0x000000000cc1f000 	/System/Library/Frameworks/ApplicationServices.framework/Versions/A/Frameworks/HIServices.framework/Versions/A/HIServices
0x000000000cc1f000 	/System/Library/Frameworks/ApplicationServices.framework/Versions/A/Frameworks/LangAnalysis.framework/Versions/A/LangAnalysis
0x000000000cc1f000 	/System/Library/Frameworks/ApplicationServices.framework/Versions/A/Frameworks/PrintCore.framework/Versions/A/PrintCore
0x000000000cc1f000 	/System/Library/Frameworks/ApplicationServices.framework/Versions/A/Frameworks/QD.framework/Versions/A/QD
0x000000000cc1f000 	/System/Library/Frameworks/ApplicationServices.framework/Versions/A/Frameworks/SpeechSynthesis.framework/Versions/A/SpeechSynthesis
0x000000000cc1f000 	/System/Library/Frameworks/Accelerate.framework/Versions/A/Accelerate
0x000000000cc1f000 	/System/Library/Frameworks/Accelerate.framework/Versions/A/Frameworks/vImage.framework/Versions/A/vImage
0x000000000cc1f000 	/System/Library/Frameworks/Accelerate.framework/Versions/A/Frameworks/vecLib.framework/Versions/A/vecLib
0x000000000cc1f000 	/System/Library/Frameworks/Accelerate.framework/Versions/A/Frameworks/vecLib.framework/Versions/A/libvDSP.dylib
0x000000000cc1f000 	/System/Library/Frameworks/Accelerate.framework/Versions/A/Frameworks/vecLib.framework/Versions/A/libvMisc.dylib
0x000000000cc1f000 	/System/Library/Frameworks/Accelerate.framework/Versions/A/Frameworks/vecLib.framework/Versions/A/libLAPACK.dylib
0x000000000cc1f000 	/System/Library/Frameworks/Accelerate.framework/Versions/A/Frameworks/vecLib.framework/Versions/A/libBLAS.dylib
0x000000000cc1f000 	/System/Library/Frameworks/Accelerate.framework/Versions/A/Frameworks/vecLib.framework/Versions/A/libLinearAlgebra.dylib
0x000000000cc1f000 	/System/Library/Frameworks/ApplicationServices.framework/Versions/A/Frameworks/ATS.framework/Versions/A/Resources/libFontParser.dylib
0x000000000cc1f000 	/System/Library/Frameworks/ApplicationServices.framework/Versions/A/Frameworks/ATS.framework/Versions/A/Resources/libFontRegistry.dylib
0x000000000cc1f000 	/System/Library/PrivateFrameworks/AppleVPA.framework/Versions/A/AppleVPA
0x000000000cc1f000 	/System/Library/PrivateFrameworks/AppleJPEG.framework/Versions/A/AppleJPEG
0x000000000cc1f000 	/System/Library/Frameworks/ImageIO.framework/Versions/A/Resources/libJPEG.dylib
0x000000000cc1f000 	/System/Library/Frameworks/ImageIO.framework/Versions/A/Resources/libTIFF.dylib
0x000000000cc1f000 	/System/Library/Frameworks/ImageIO.framework/Versions/A/Resources/libPng.dylib
0x000000000cc1f000 	/System/Library/Frameworks/ImageIO.framework/Versions/A/Resources/libGIF.dylib
0x000000000cc1f000 	/System/Library/Frameworks/ImageIO.framework/Versions/A/Resources/libJP2.dylib
0x000000000cc1f000 	/System/Library/Frameworks/ImageIO.framework/Versions/A/Resources/libRadiance.dylib
0x000000000cc1f000 	/System/Library/Frameworks/CoreVideo.framework/Versions/A/CoreVideo
0x000000000cc1f000 	/System/Library/Frameworks/OpenGL.framework/Versions/A/Libraries/libGLU.dylib
0x000000000cc1f000 	/System/Library/Frameworks/OpenGL.framework/Versions/A/Libraries/libGFXShared.dylib
0x000000000cc1f000 	/System/Library/Frameworks/OpenGL.framework/Versions/A/Libraries/libGL.dylib
0x000000000cc1f000 	/System/Library/Frameworks/OpenGL.framework/Versions/A/Libraries/libGLImage.dylib
0x000000000cc1f000 	/System/Library/Frameworks/OpenGL.framework/Versions/A/Libraries/libCVMSPluginSupport.dylib
0x000000000cc1f000 	/System/Library/Frameworks/OpenGL.framework/Versions/A/Libraries/libCoreVMClient.dylib
0x000000000cc1f000 	/usr/lib/libcups.2.dylib
0x000000000cc1f000 	/System/Library/Frameworks/Kerberos.framework/Versions/A/Kerberos
0x000000000cc1f000 	/System/Library/Frameworks/GSS.framework/Versions/A/GSS
0x000000000cc1f000 	/usr/lib/libresolv.9.dylib
0x000000000cc1f000 	/usr/lib/libiconv.2.dylib
0x000000000cc1f000 	/System/Library/PrivateFrameworks/Heimdal.framework/Versions/A/Heimdal
0x000000000cc1f000 	/usr/lib/libheimdal-asn1.dylib
0x000000000cc1f000 	/System/Library/Frameworks/OpenDirectory.framework/Versions/A/OpenDirectory
0x000000000cc1f000 	/System/Library/PrivateFrameworks/CommonAuth.framework/Versions/A/CommonAuth
0x000000000cc1f000 	/System/Library/Frameworks/OpenDirectory.framework/Versions/A/Frameworks/CFOpenDirectory.framework/Versions/A/CFOpenDirectory
0x000000000cc1f000 	/System/Library/Frameworks/SecurityFoundation.framework/Versions/A/SecurityFoundation
0x000000000cc1f000 	/System/Library/PrivateFrameworks/LanguageModeling.framework/Versions/A/LanguageModeling
0x000000000cc1f000 	/usr/lib/libcmph.dylib
0x000000000cc1f000 	/System/Library/Frameworks/ServiceManagement.framework/Versions/A/ServiceManagement
0x000000000cc1f000 	/usr/lib/libxslt.1.dylib
0x000000000cc1f000 	/System/Library/Frameworks/Carbon.framework/Versions/A/Frameworks/Ink.framework/Versions/A/Ink
0x000000000cc1f000 	/System/Library/Frameworks/QuartzCore.framework/Versions/A/Frameworks/CoreImage.framework/Versions/A/CoreImage
0x000000000cc1f000 	/System/Library/PrivateFrameworks/CrashReporterSupport.framework/Versions/A/CrashReporterSupport
0x000000000cc1f000 	/System/Library/Frameworks/OpenCL.framework/Versions/A/OpenCL
0x000000000cc1f000 	/System/Library/PrivateFrameworks/FaceCore.framework/Versions/A/FaceCore
0x000000000cc1f000 	/System/Library/PrivateFrameworks/Ubiquity.framework/Versions/A/Ubiquity
0x000000000cc1f000 	/System/Library/PrivateFrameworks/IconServices.framework/Versions/A/IconServices
0x000000000cc1f000 	/System/Library/PrivateFrameworks/ChunkingLibrary.framework/Versions/A/ChunkingLibrary
0x000000000cc1f000 	/System/Library/PrivateFrameworks/Apple80211.framework/Versions/A/Apple80211
0x000000000cc1f000 	/System/Library/Frameworks/CoreWLAN.framework/Versions/A/CoreWLAN
0x000000000cc1f000 	/System/Library/Frameworks/IOBluetooth.framework/Versions/A/IOBluetooth
0x000000000cc1f000 	/System/Library/PrivateFrameworks/CoreWiFi.framework/Versions/A/CoreWiFi
0x000000000cc1f000 	/System/Library/Frameworks/CoreBluetooth.framework/Versions/A/CoreBluetooth
0x000000000cc1f000 	/System/Library/PrivateFrameworks/DebugSymbols.framework/Versions/A/DebugSymbols
0x000000000cc1f000 	/System/Library/PrivateFrameworks/CoreSymbolication.framework/Versions/A/CoreSymbolication
0x000000000cc1f000 	/System/Library/PrivateFrameworks/Symbolication.framework/Versions/A/Symbolication
0x000000000cc1f000 	/System/Library/PrivateFrameworks/SpeechRecognitionCore.framework/Versions/A/SpeechRecognitionCore
0x000000010fe00000 	/Library/Java/JavaVirtualMachines/jdk1.8.0_45.jdk/Contents/Home/jre/lib/server/libjvm.dylib
0x000000000cc1f000 	/usr/lib/libstdc++.6.dylib
0x000000010ed9b000 	/Library/Java/JavaVirtualMachines/jdk1.8.0_45.jdk/Contents/Home/jre/lib/libverify.dylib
0x000000010eda9000 	/Library/Java/JavaVirtualMachines/jdk1.8.0_45.jdk/Contents/Home/jre/lib/libjava.dylib
0x0000000110d69000 	/Library/Java/JavaVirtualMachines/jdk1.8.0_45.jdk/Contents/Home/jre/lib/libjdwp.dylib
0x000000010eddf000 	/Library/Java/JavaVirtualMachines/jdk1.8.0_45.jdk/Contents/Home/jre/lib/libnpt.dylib
0x000000010edec000 	/Library/Java/JavaVirtualMachines/jdk1.8.0_45.jdk/Contents/Home/jre/lib/libzip.dylib
0x000000012c98a000 	/System/Library/Frameworks/JavaVM.framework/Frameworks/JavaRuntimeSupport.framework/JavaRuntimeSupport
0x000000012c9a0000 	/System/Library/Frameworks/JavaVM.framework/Versions/A/Frameworks/JavaNativeFoundation.framework/Versions/A/JavaNativeFoundation
0x000000012c9b4000 	/System/Library/Frameworks/JavaVM.framework/Versions/A/JavaVM
0x000000000cc1f000 	/System/Library/Frameworks/Carbon.framework/Versions/A/Carbon
0x000000012c9c0000 	/System/Library/PrivateFrameworks/JavaLaunching.framework/Versions/A/JavaLaunching
0x000000000cc1f000 	/System/Library/Frameworks/Carbon.framework/Versions/A/Frameworks/CommonPanels.framework/Versions/A/CommonPanels
0x000000000cc1f000 	/System/Library/Frameworks/Carbon.framework/Versions/A/Frameworks/Help.framework/Versions/A/Help
0x000000000cc1f000 	/System/Library/Frameworks/Carbon.framework/Versions/A/Frameworks/ImageCapture.framework/Versions/A/ImageCapture
0x000000000cc1f000 	/System/Library/Frameworks/Carbon.framework/Versions/A/Frameworks/OpenScripting.framework/Versions/A/OpenScripting
0x000000000cc1f000 	/System/Library/Frameworks/Carbon.framework/Versions/A/Frameworks/Print.framework/Versions/A/Print
0x000000000cc1f000 	/System/Library/Frameworks/Carbon.framework/Versions/A/Frameworks/SecurityHI.framework/Versions/A/SecurityHI
0x000000012e3a6000 	/Library/Java/JavaVirtualMachines/jdk1.8.0_45.jdk/Contents/Home/jre/lib/libdt_socket.dylib
0x000000012f200000 	/Library/Java/JavaVirtualMachines/jdk1.8.0_45.jdk/Contents/Home/jre/lib/libnet.dylib
0x000000012f217000 	/Library/Java/JavaVirtualMachines/jdk1.8.0_45.jdk/Contents/Home/jre/lib/libnio.dylib
0x000000012f227000 	/Library/Java/JavaVirtualMachines/jdk1.8.0_45.jdk/Contents/Home/jre/lib/libawt.dylib
0x000000012f2cf000 	/Library/Java/JavaVirtualMachines/jdk1.8.0_45.jdk/Contents/Home/jre/lib/./libmlib_image.dylib
0x000000012f39b000 	/Library/Java/JavaVirtualMachines/jdk1.8.0_45.jdk/Contents/Home/jre/lib/libawt_lwawt.dylib
0x000000012f44f000 	/Library/Java/JavaVirtualMachines/jdk1.8.0_45.jdk/Contents/Home/jre/lib/./libosxapp.dylib
0x000000000cc1f000 	/System/Library/Frameworks/ExceptionHandling.framework/Versions/A/ExceptionHandling
0x000000000cc1f000 	/System/Library/PrivateFrameworks/CoreServicesInternal.framework/Versions/A/CoreServicesInternal
0x000000000cc1f000 	/System/Library/PrivateFrameworks/CloudDocs.framework/Versions/A/CloudDocs
0x000000000cc1f000 	/System/Library/PrivateFrameworks/CoreDuet.framework/Versions/A/CoreDuet
0x000000000cc1f000 	/System/Library/Frameworks/CloudKit.framework/Versions/A/CloudKit
0x000000000cc1f000 	/System/Library/PrivateFrameworks/ProtocolBuffer.framework/Versions/A/ProtocolBuffer
0x000000000cc1f000 	/System/Library/PrivateFrameworks/CoreDuetDaemonProtocol.framework/Versions/A/CoreDuetDaemonProtocol
0x000000000cc1f000 	/System/Library/PrivateFrameworks/CoreDuetDebugLogging.framework/Versions/A/CoreDuetDebugLogging
0x000000000cc1f000 	/System/Library/PrivateFrameworks/MMCS.framework/Versions/A/MMCS
0x000000000cc1f000 	/System/Library/Frameworks/CoreLocation.framework/Versions/A/CoreLocation
0x000000000cc1f000 	/System/Library/PrivateFrameworks/ProtectedCloudStorage.framework/Versions/A/ProtectedCloudStorage
0x000000000cc1f000 	/System/Library/PrivateFrameworks/GeoServices.framework/Versions/A/GeoServices
0x000000000cc1f000 	/System/Library/Frameworks/CoreGraphics.framework/Versions/A/Resources/libCGCMS.A.dylib
0x000000000cc1f000 	/System/Library/Frameworks/CoreGraphics.framework/Versions/A/Resources/libRIP.A.dylib
0x000000000cc1f000 	/System/Library/Frameworks/CoreGraphics.framework/Versions/A/Resources/libCGXType.A.dylib
0x000000000cc1f000 	/System/Library/Frameworks/OpenCL.framework/Versions/A/Libraries/libcldcpuengine.dylib
0x000000000cc1f000 	/System/Library/PrivateFrameworks/DiskImages.framework/Versions/A/DiskImages
0x000000000cc1f000 	/System/Library/Frameworks/DiscRecording.framework/Versions/A/DiscRecording
0x000000000cc1f000 	/usr/lib/libcsfde.dylib
0x000000000cc1f000 	/usr/lib/libcurl.4.dylib
0x000000000cc1f000 	/System/Library/PrivateFrameworks/MediaKit.framework/Versions/A/MediaKit
0x000000000cc1f000 	/usr/lib/libCoreStorage.dylib
0x000000000cc1f000 	/System/Library/PrivateFrameworks/EFILogin.framework/Versions/A/EFILogin
0x000000000cc1f000 	/usr/lib/libutil.dylib
0x000000000cc1f000 	/System/Library/PrivateFrameworks/FindMyDevice.framework/Versions/A/FindMyDevice
0x000000000cc1f000 	/System/Library/Frameworks/LDAP.framework/Versions/A/LDAP
0x000000000cc1f000 	/usr/lib/libsasl2.2.dylib
0x000000000cc1f000 	/System/Library/PrivateFrameworks/CoreDaemon.framework/Versions/B/CoreDaemon
0x000000000cc1f000 	/usr/lib/libcrypto.0.9.8.dylib
0x000000000cc1f000 	/System/Library/PrivateFrameworks/AppleSRP.framework/Versions/A/AppleSRP
0x000000000cc1f000 	/System/Library/PrivateFrameworks/TrustEvaluationAgent.framework/Versions/A/TrustEvaluationAgent
0x00000001327f6000 	cl_kernels
0x00000001327f8000 	/System/Library/Frameworks/OpenCL.framework/Versions/A/Libraries/ImageFormats/unorm8_bgra.dylib
0x00000001327e8000 	cl_kernels
0x000000000cc1f000 	/System/Library/PrivateFrameworks/FamilyControls.framework/Versions/A/FamilyControls
0x000000000cc1f000 	/System/Library/PrivateFrameworks/CommerceKit.framework/Versions/A/Frameworks/CommerceCore.framework/Versions/A/CommerceCore
0x000000000cc1f000 	/System/Library/PrivateFrameworks/SystemAdministration.framework/Versions/A/SystemAdministration
0x000000000cc1f000 	/System/Library/PrivateFrameworks/AppContainer.framework/Versions/A/AppContainer
0x000000000cc1f000 	/System/Library/PrivateFrameworks/SecCodeWrapper.framework/Versions/A/SecCodeWrapper
0x000000000cc1f000 	/System/Library/Frameworks/DirectoryService.framework/Versions/A/DirectoryService
0x000000000cc1f000 	/System/Library/PrivateFrameworks/LoginUIKit.framework/Versions/A/Frameworks/LoginUICore.framework/Versions/A/LoginUICore
0x000000000cc1f000 	/usr/lib/libodfde.dylib

VM Arguments:
jvm_args: -agentlib:jdwp=transport=dt_socket,address=127.0.0.1:51330,suspend=y,server=n -ea -Didea.junit.sm_runner -Dfile.encoding=UTF-8 
java_command: com.intellij.rt.execution.junit.JUnitStarter -ideVersion5 no.digipost.print.validate.PrintPdfValidatorTest,failsPdfWithUnsupportedDimensionsForPrint
java_class_path (initial): /Applications/IntelliJ IDEA 15.app/Contents/lib/idea_rt.jar:/Applications/IntelliJ IDEA 15.app/Contents/plugins/junit/lib/junit-rt.jar:/Library/Java/JavaVirtualMachines/jdk1.8.0_45.jdk/Contents/Home/lib/ant-javafx.jar:/Library/Java/JavaVirtualMachines/jdk1.8.0_45.jdk/Contents/Home/lib/dt.jar:/Library/Java/JavaVirtualMachines/jdk1.8.0_45.jdk/Contents/Home/lib/javafx-mx.jar:/Library/Java/JavaVirtualMachines/jdk1.8.0_45.jdk/Contents/Home/lib/jconsole.jar:/Library/Java/JavaVirtualMachines/jdk1.8.0_45.jdk/Contents/Home/lib/packager.jar:/Library/Java/JavaVirtualMachines/jdk1.8.0_45.jdk/Contents/Home/lib/sa-jdi.jar:/Library/Java/JavaVirtualMachines/jdk1.8.0_45.jdk/Contents/Home/lib/tools.jar:/Library/Java/JavaVirtualMachines/jdk1.8.0_45.jdk/Contents/Home/jre/lib/charsets.jar:/Library/Java/JavaVirtualMachines/jdk1.8.0_45.jdk/Contents/Home/jre/lib/deploy.jar:/Library/Java/JavaVirtualMachines/jdk1.8.0_45.jdk/Contents/Home/jre/lib/javaws.jar:/Library/Java/JavaVirtualMachines/jdk1.8.0_45.jdk/Contents/Home/jre/lib/jce.jar:/Library/Java/JavaVirtualMachines/jdk1.8.0_45.jdk/Contents/Home/jre/lib/jfr.jar:/Library/Java/JavaVirtualMachines/jdk1.8.0_45.jdk/Contents/Home/jre/lib/jfxswt.jar:/Library/Java/JavaVirtualMachines/jdk1.8.0_45.jdk/Contents/Home/jre/lib/jsse.jar:/Library/Java/JavaVirtualMachines/jdk1.8.0_45.jdk/Contents/Home/jre/lib/management-agent.jar:/Library/Java/JavaVirtualMachines/jdk1.8.0_45.jdk/Contents/Home/jre/lib/plugin.jar:/Library/Java/JavaVirtualMachines/jdk1.8.0_45.jdk/Contents/Home/jre/lib/resources.jar:/Library/Java/JavaVirtualMachines/jdk1.8.0_45.jdk/Contents/Home/jre/lib/rt.jar:/Library/Java/JavaVirtualMachines/jdk1.8.0_45.jdk/Contents/Home/jre/lib/ext/cldrdata.jar:/Library/Java/JavaVirtualMachines/jdk1.8.0_45.jdk/Contents/Home/jre/lib/ext/dnsns.jar:/Library/Java/JavaVirtualMachines/jdk1.8.0_45.jdk/Contents/Home/jre/lib/ext/jfxrt.jar:/Library/Java/JavaVirtualMachines/jdk1.8.0_45.jdk/Contents/Home/jre/lib/ext/localedata.jar:/Library/
Launcher Type: SUN_STANDARD

Environment Variables:
JAVA_HOME=/Library/Java/JavaVirtualMachines/jdk1.8.0_45.jdk/Contents/Home
PATH=/usr/local/heroku/bin:/usr/local/bin:/usr/bin:/bin:/usr/sbin:/sbin:/Users/simonandersson/projects/digipost/digipost-sub/bin:/Users/simonandersson/projects/digipost/digipost/scripts
SHELL=/bin/zsh
DISPLAY=/private/tmp/com.apple.launchd.Lobwcx2Kjs/org.macosforge.xquartz:0

Signal Handlers:
SIGSEGV: [libjvm.dylib+0x58ef95], sa_mask[0]=11111111011111110111111111111111, sa_flags=SA_ONSTACK|SA_RESTART|SA_SIGINFO
SIGBUS: [libjvm.dylib+0x58ef95], sa_mask[0]=11111111011111110111111111111111, sa_flags=SA_RESTART|SA_SIGINFO
SIGFPE: [libjvm.dylib+0x46c108], sa_mask[0]=11111111011111110111111111111111, sa_flags=SA_RESTART|SA_SIGINFO
SIGPIPE: [libjvm.dylib+0x46c108], sa_mask[0]=11111111011111110111111111111111, sa_flags=SA_RESTART|SA_SIGINFO
SIGXFSZ: [libjvm.dylib+0x46c108], sa_mask[0]=11111111011111110111111111111111, sa_flags=SA_RESTART|SA_SIGINFO
SIGILL: [libjvm.dylib+0x46c108], sa_mask[0]=11111111011111110111111111111111, sa_flags=SA_RESTART|SA_SIGINFO
SIGUSR1: SIG_DFL, sa_mask[0]=00000000000000000000000000000000, sa_flags=none
SIGUSR2: [libjvm.dylib+0x46bc26], sa_mask[0]=00100000000000000000000000000000, sa_flags=SA_RESTART|SA_SIGINFO
SIGHUP: [libjvm.dylib+0x46a1f9], sa_mask[0]=11111111011111110111111111111111, sa_flags=SA_RESTART|SA_SIGINFO
SIGINT: [libjvm.dylib+0x46a1f9], sa_mask[0]=11111111011111110111111111111111, sa_flags=SA_RESTART|SA_SIGINFO
SIGTERM: [libjvm.dylib+0x46a1f9], sa_mask[0]=11111111011111110111111111111111, sa_flags=SA_RESTART|SA_SIGINFO
SIGQUIT: [libjvm.dylib+0x46a1f9], sa_mask[0]=11111111011111110111111111111111, sa_flags=SA_RESTART|SA_SIGINFO


---------------  S Y S T E M  ---------------

OS:Bsduname:Darwin 14.3.0 Darwin Kernel Version 14.3.0: Mon Mar 23 11:59:05 PDT 2015; root:xnu-2782.20.48~5/RELEASE_X86_64 x86_64
rlimit: STACK 8192k, CORE 0k, NPROC 709, NOFILE 10240, AS infinity
load average:3.07 3.54 3.71

CPU:total 8 (4 cores per cpu, 2 threads per core) family 6 model 70 stepping 1, cmov, cx8, fxsr, mmx, sse, sse2, sse3, ssse3, sse4.1, sse4.2, popcnt, avx, avx2, aes, clmul, erms, rtm, lzcnt, ht, tsc, tscinvbit, bmi1, bmi2

Memory: 4k page, physical 16777216k(1219152k free)

/proc/meminfo:


vm_info: Java HotSpot(TM) 64-Bit Server VM (25.45-b02) for bsd-amd64 JRE (1.8.0_45-b14), built on Apr 10 2015 10:46:38 by "java_re" with gcc 4.2.1 (Based on Apple Inc. build 5658) (LLVM build 2336.11.00)

time: Wed Mar  2 15:00:32 2016
elapsed time: 3834 seconds (0d 1h 3m 54s)

